2000 PS4 Game 23 Sports Da
2001 PS3 Game 210 RPG Da
2001 PC Game 211 Action-Adventure Nu
2001 Xbox One Game 245 RPG Da
2002 Xbox One Game 93 Simulation Nu
2002 PS3 Game 226 Shooter Nu
2003 Xbox 360 Game 272 Sports Nu
2003 PC Game 190 Shooter Nu
2003 Xbox 360 Game 110 Action-Adventure Nu
2003 PS4 Game 297 Shooter Nu
2004 PS4 Game 201 Shooter Nu
2004 Xbox One Game 61 Sports Da
2005 PS3 Game 260 Shooter Nu
2005 Xbox 360 Game 74 Simulation Nu
2006 PS3 Game 26 Action-Adventure Da
2006 PC Game 105 RPG Da
2006 Switch Game 55 Sports Da
2006 PS4 Game 298 Action-Adventure Nu
2007 PC Game 9 RPG Da
2007 Switch Game 39 RPG Nu
2007 PC Game 76 Simulation Nu
2007 Xbox 360 Game 75 Simulation Nu
2007 Switch Game 40 Action-Adventure Nu
2007 PS4 Game 22 RPG Da
2007 PS4 Game 212 Sports Da
2007 PC The Witcher RPG Nu
2008 PS3 Game 88 Simulation Nu
2008 PS4 Game 122 Shooter Nu
2009 PC Game 56 Simulation Da
2009 Xbox 360 Left 4 Dead 2 Shooter Da
2009 Xbox One Game 241 Action-Adventure Da
2009 PC Game 231 Action-Adventure Nu
2009 PS3 Game 287 Action-Adventure Nu
2009 PS3 Game 297 RPG Nu
2009 PS4 Game 194 Simulation Da
2009 PS4 Game 63 RPG Da
2009 PS3 Game 267 Sports Da
2009 Xbox One Game 247 Sports Nu
2009 PS3 Game 226 Sports Nu
2010 Xbox One Game 74 Sports Da
2010 Xbox 360 Red Dead Redemption Action-Adventure Nu
2010 PS3 Game 95 Sports Da
2011 PS3 Game 22 Action-Adventure Nu
2011 Xbox 360 Game 137 Simulation Nu
2011 PC Game 32 Action-Adventure Nu
2011 Switch Game 216 Sports Nu
2011 PS3 Game 15 RPG Nu
2011 PS3 Skyrim Action-RPG Da
2011 PC Game 51 Action-Adventure Da
2012 Xbox One Game 38 Sports Nu
2012 Xbox 360 Game 144 Simulation Nu
2012 PC Diablo III Action-RPG Da
2013 PS4 Game 95 Action-Adventure Da
2013 Switch Game 300 Shooter Nu
2013 PS3 Game 243 RPG Da
2013 PS3 Game 201 RPG Nu
2013 Xbox One Game 107 Action-Adventure Nu
2013 PS4 The Last of Us Action-Adventure Nu
2015 PC Game 185 Shooter Nu
2015 PS4 Game 98 Simulation Nu
2015 PC Game 19 RPG Da
2015 Xbox One Witcher 3 RPG Nu
2016 Xbox One Game 71 Shooter Nu
2016 Xbox 360 Game 169 Simulation Nu
2016 PC Game 295 Sports Da
2016 PC Game 279 Simulation Nu
2017 PS3 Game 125 Simulation Nu
2017 PC Game 56 Simulation Nu
2017 PC Fortnite Shooter Da
2017 PS3 Game 95 Action-Adventure Da
2017 Xbox 360 Game 185 Action-Adventure Da
2018 PS3 Game 290 Simulation Nu
2018 Xbox One Game 34 Simulation Da
2018 Xbox 360 Game 221 Action-Adventure Da
2018 PS4 Game 31 Sports Nu
2018 PS4 Game 144 Sports Da
2018 PS4 God of War Action-Adventure Nu
2019 Xbox 360 Game 107 Shooter Nu
2019 PS3 Game 34 Shooter Da
2019 PC Game 72 Simulation Da
2019 PC Game 144 Shooter Nu
2019 PC Cyberpunk 2077 RPG Da
2020 PS3 Game 123 Action-Adventure Da
2020 Switch Game 230 Action-Adventure Da
2020 PS3 Game 119 Action-Adventure Nu
2020 Xbox 360 Game 220 Simulation Da
2020 Xbox One Game 239 Sports Da
2021 Xbox One Game 30 Sports Nu
2022 Xbox 360 Game 173 Sports Nu
2022 Xbox 360 Game 242 Simulation Nu
2022 Xbox One Game 197 RPG Da
2022 Xbox 360 Game 32 Shooter Nu
2022 Switch Game 57 Action-Adventure Da
2022 Xbox One Game 120 Action-Adventure Da
2022 Xbox 360 Game 71 Shooter Da
2022 Xbox One Game 283 Shooter Nu
2022 PS3 Game 198 Sports Nu
2022 Xbox One Game 122 Action-Adventure Nu
2022 Switch Game 122 Shooter Nu
